<?xml version="1.0" encoding="UTF-8"?>
<testsuite xmlns:xsi="http://www.w3.org/2001/XMLSchema-instance" xsi:noNamespaceSchemaLocation="https://maven.apache.org/surefire/maven-surefire-plugin/xsd/surefire-test-report.xsd" version="3.0.2" name="com.example.yourApp.YourAppApplicationTests" time="5.078" tests="1" errors="0" skipped="0" failures="0">
  <properties>
[...]
</properties>
  <testcase name="contextLoads" classname="com.example.yourApp.YourAppApplicationTests" time="0.883">
    <system-out><![CDATA[08:29:10.120 [main] INFO org.springframework.test.context.support.AnnotationConfigContextLoaderUtils -- Could not detect default configuration classes for test class [com.example.yourApp.YourAppApplicationTests]: YourAppApplicationTests does not declare any static, non-private, non-final, nested classes annotated with @Configuration.
08:29:10.307 [main] INFO org.springframework.boot.test.context.SpringBootTestContextBootstrapper -- Found @SpringBootConfiguration com.example.yourApp.YourAppApplication for test class com.example.yourApp.YourAppApplicationTests

  .   ____          _            __ _ _
 /\\ / ___'_ __ _ _(_)_ __  __ _ \ \ \ \
( ( )\___ | '_ | '_| | '_ \/ _` | \ \ \ \
 \\/  ___)| |_)| | | | | || (_| |  ) ) ) )
  '  |____| .__|_| |_|_| |_\__, | / / / /
 =========|_|==============|___/=/_/_/_/

 :: Spring Boot ::                (v3.5.3)

2025-07-15T08:29:11.391+02:00  INFO 19140 --- [           main] c.e.yourApp.YourAppApplicationTests      : Starting YourAppApplicationTests using Java 22.0.2 with PID 19140 (started by Tales in C:\Users\Tales\Desktop\Repos\backendDevTest\yourApp)
2025-07-15T08:29:11.392+02:00  INFO 19140 --- [           main] c.e.yourApp.YourAppApplicationTests      : No active profile set, falling back to 1 default profile: "default"
2025-07-15T08:29:12.661+02:00  INFO 19140 --- [           main] o.s.cloud.context.scope.GenericScope     : BeanFactory id=f14026a5-8d5c-3d89-9342-48ee5805c2c6
2025-07-15T08:29:13.458+02:00  INFO 19140 --- [           main] o.s.v.b.OptionalValidatorFactoryBean     : Failed to set up a Bean Validation provider: jakarta.validation.NoProviderFoundException: Unable to create a Configuration, because no Jakarta Bean Validation provider could be found. Add a provider like Hibernate Validator (RI) to your classpath.
2025-07-15T08:29:14.044+02:00  INFO 19140 --- [           main] c.e.yourApp.YourAppApplicationTests      : Started YourAppApplicationTests in 3.24 seconds (process running for 4.964)
]]></system-out>
    <system-err><![CDATA[Mockito is currently self-attaching to enable the inline-mock-maker. This will no longer work in future releases of the JDK. Please add Mockito as an agent to your build as described in Mockito's documentation: https://javadoc.io/doc/org.mockito/mockito-core/latest/org.mockito/org/mockito/Mockito.html#0.3
WARNING: A Java agent has been loaded dynamically (C:\Users\Tales\.m2\repository\net\bytebuddy\byte-buddy-agent\1.17.6\byte-buddy-agent-1.17.6.jar)
WARNING: If a serviceability tool is in use, please run with -XX:+EnableDynamicAgentLoading to hide this warning
WARNING: If a serviceability tool is not in use, please run with -Djdk.instrument.traceUsage for more information
WARNING: Dynamic loading of agents will be disallowed by default in a future release
]]></system-err>
  </testcase>
</testsuite>